[INFO  - 2017-11-30T03:03:48.592Z] GhostDriver - Main - running on port 34993
[INFO  - 2017-11-30T03:04:40.121Z] GhostDriver - Main - running on port 28579
[INFO  - 2017-11-30T03:07:53.412Z] GhostDriver - Main - running on port 29313
[INFO  - 2017-11-30T03:12:22.822Z] GhostDriver - Main - running on port 11433
[INFO  - 2017-11-30T03:15:34.613Z] GhostDriver - Main - running on port 49057
[INFO  - 2017-11-30T03:28:14.760Z] GhostDriver - Main - running on port 38480
[INFO  - 2017-11-30T03:40:27.995Z] GhostDriver - Main - running on port 16041
[INFO  - 2017-11-30T03:40:28.386Z] Session [353d00d0-d580-11e7-84a6-91e96e2e75a8] - page.settings - {"XSSAuditingEnabled":false,"javascriptCanCloseWindows":true,"javascriptCanOpenWindows":true,"javascriptEnabled":true,"loadImages":true,"localToRemoteUrlAccessEnabled":false,"userAgent":"http://www.codesky.net/","webSecurityEnabled":true}
[INFO  - 2017-11-30T03:40:28.386Z] Session [353d00d0-d580-11e7-84a6-91e96e2e75a8] - page.customHeaders:  - {"User-Agent":"Mozilla/5.0 (Windows NT 10.0; WOW64) AppleWebKit/537.36 (KHTML, like Gecko) Chrome/55.0.2883.87 Safari/537.36"}
[INFO  - 2017-11-30T03:40:28.386Z] Session [353d00d0-d580-11e7-84a6-91e96e2e75a8] - Session.negotiatedCapabilities - {"browserName":"phantomjs","version":"2.1.1","driverName":"ghostdriver","driverVersion":"1.2.0","platform":"windows-7-32bit","javascriptEnabled":true,"takesScreenshot":true,"handlesAlerts":false,"databaseEnabled":false,"locationContextEnabled":false,"applicationCacheEnabled":false,"browserConnectionEnabled":false,"cssSelectorsEnabled":true,"webStorageEnabled":false,"rotatable":false,"acceptSslCerts":false,"nativeEvents":true,"proxy":{"proxyType":"direct"},"phantomjs.page.settings.userAgent":"http://www.codesky.net/","phantomjs.page.customHeaders.User-Agent":"Mozilla/5.0 (Windows NT 10.0; WOW64) AppleWebKit/537.36 (KHTML, like Gecko) Chrome/55.0.2883.87 Safari/537.36"}
[INFO  - 2017-11-30T03:40:28.386Z] SessionManagerReqHand - _postNewSessionCommand - New Session Created: 353d00d0-d580-11e7-84a6-91e96e2e75a8
[INFO  - 2017-11-30T03:42:18.816Z] GhostDriver - Main - running on port 28866
[INFO  - 2017-11-30T03:42:19.165Z] Session [7744b090-d580-11e7-b48a-93e4a9e9b5a1] - page.settings - {"XSSAuditingEnabled":false,"javascriptCanCloseWindows":true,"javascriptCanOpenWindows":true,"javascriptEnabled":true,"loadImages":true,"localToRemoteUrlAccessEnabled":false,"userAgent":"http://www.codesky.net/","webSecurityEnabled":true}
[INFO  - 2017-11-30T03:42:19.165Z] Session [7744b090-d580-11e7-b48a-93e4a9e9b5a1] - page.customHeaders:  - {"User-Agent":"Mozilla/5.0 (Windows NT 10.0; WOW64) AppleWebKit/537.36 (KHTML, like Gecko) Chrome/55.0.2883.87 Safari/537.36"}
[INFO  - 2017-11-30T03:42:19.165Z] Session [7744b090-d580-11e7-b48a-93e4a9e9b5a1] - Session.negotiatedCapabilities - {"browserName":"phantomjs","version":"2.1.1","driverName":"ghostdriver","driverVersion":"1.2.0","platform":"windows-7-32bit","javascriptEnabled":true,"takesScreenshot":true,"handlesAlerts":false,"databaseEnabled":false,"locationContextEnabled":false,"applicationCacheEnabled":false,"browserConnectionEnabled":false,"cssSelectorsEnabled":true,"webStorageEnabled":false,"rotatable":false,"acceptSslCerts":false,"nativeEvents":true,"proxy":{"proxyType":"direct"},"phantomjs.page.settings.userAgent":"http://www.codesky.net/","phantomjs.page.customHeaders.User-Agent":"Mozilla/5.0 (Windows NT 10.0; WOW64) AppleWebKit/537.36 (KHTML, like Gecko) Chrome/55.0.2883.87 Safari/537.36"}
[INFO  - 2017-11-30T03:42:19.166Z] SessionManagerReqHand - _postNewSessionCommand - New Session Created: 7744b090-d580-11e7-b48a-93e4a9e9b5a1
[INFO  - 2017-11-30T03:45:09.635Z] GhostDriver - Main - running on port 37536
[INFO  - 2017-11-30T03:45:09.892Z] Session [dd0768f0-d580-11e7-b577-7f39052480dc] - page.settings - {"XSSAuditingEnabled":false,"javascriptCanCloseWindows":true,"javascriptCanOpenWindows":true,"javascriptEnabled":true,"loadImages":true,"localToRemoteUrlAccessEnabled":false,"userAgent":"http://www.codesky.net/","webSecurityEnabled":true}
[INFO  - 2017-11-30T03:45:09.892Z] Session [dd0768f0-d580-11e7-b577-7f39052480dc] - page.customHeaders:  - {"User-Agent":"Mozilla/5.0 (Windows NT 10.0; WOW64) AppleWebKit/537.36 (KHTML, like Gecko) Chrome/55.0.2883.87 Safari/537.36"}
[INFO  - 2017-11-30T03:45:09.892Z] Session [dd0768f0-d580-11e7-b577-7f39052480dc] - Session.negotiatedCapabilities - {"browserName":"phantomjs","version":"2.1.1","driverName":"ghostdriver","driverVersion":"1.2.0","platform":"windows-7-32bit","javascriptEnabled":true,"takesScreenshot":true,"handlesAlerts":false,"databaseEnabled":false,"locationContextEnabled":false,"applicationCacheEnabled":false,"browserConnectionEnabled":false,"cssSelectorsEnabled":true,"webStorageEnabled":false,"rotatable":false,"acceptSslCerts":false,"nativeEvents":true,"proxy":{"proxyType":"direct"},"phantomjs.page.settings.userAgent":"http://www.codesky.net/","phantomjs.page.customHeaders.User-Agent":"Mozilla/5.0 (Windows NT 10.0; WOW64) AppleWebKit/537.36 (KHTML, like Gecko) Chrome/55.0.2883.87 Safari/537.36"}
[INFO  - 2017-11-30T03:45:09.892Z] SessionManagerReqHand - _postNewSessionCommand - New Session Created: dd0768f0-d580-11e7-b577-7f39052480dc
[INFO  - 2017-11-30T03:46:50.461Z] GhostDriver - Main - running on port 23027
[INFO  - 2017-11-30T03:46:50.804Z] Session [192d5bf0-d581-11e7-a80b-65ad77428f84] - page.settings - {"XSSAuditingEnabled":false,"javascriptCanCloseWindows":true,"javascriptCanOpenWindows":true,"javascriptEnabled":true,"loadImages":true,"localToRemoteUrlAccessEnabled":false,"userAgent":"http://www.codesky.net/","webSecurityEnabled":true}
[INFO  - 2017-11-30T03:46:50.805Z] Session [192d5bf0-d581-11e7-a80b-65ad77428f84] - page.customHeaders:  - {"User-Agent":"Mozilla/5.0 (Windows NT 10.0; WOW64) AppleWebKit/537.36 (KHTML, like Gecko) Chrome/55.0.2883.87 Safari/537.36"}
[INFO  - 2017-11-30T03:46:50.805Z] Session [192d5bf0-d581-11e7-a80b-65ad77428f84] - Session.negotiatedCapabilities - {"browserName":"phantomjs","version":"2.1.1","driverName":"ghostdriver","driverVersion":"1.2.0","platform":"windows-7-32bit","javascriptEnabled":true,"takesScreenshot":true,"handlesAlerts":false,"databaseEnabled":false,"locationContextEnabled":false,"applicationCacheEnabled":false,"browserConnectionEnabled":false,"cssSelectorsEnabled":true,"webStorageEnabled":false,"rotatable":false,"acceptSslCerts":false,"nativeEvents":true,"proxy":{"proxyType":"direct"},"phantomjs.page.settings.userAgent":"http://www.codesky.net/","phantomjs.page.customHeaders.User-Agent":"Mozilla/5.0 (Windows NT 10.0; WOW64) AppleWebKit/537.36 (KHTML, like Gecko) Chrome/55.0.2883.87 Safari/537.36"}
[INFO  - 2017-11-30T03:46:50.805Z] SessionManagerReqHand - _postNewSessionCommand - New Session Created: 192d5bf0-d581-11e7-a80b-65ad77428f84
[INFO  - 2017-11-30T03:48:33.214Z] GhostDriver - Main - running on port 17362
[INFO  - 2017-11-30T03:48:33.572Z] Session [566e82f0-d581-11e7-917c-c76a413d117d] - page.settings - {"XSSAuditingEnabled":false,"javascriptCanCloseWindows":true,"javascriptCanOpenWindows":true,"javascriptEnabled":true,"loadImages":true,"localToRemoteUrlAccessEnabled":false,"userAgent":"http://www.codesky.net/","webSecurityEnabled":true}
[INFO  - 2017-11-30T03:48:33.572Z] Session [566e82f0-d581-11e7-917c-c76a413d117d] - page.customHeaders:  - {"User-Agent":"Mozilla/5.0 (Windows NT 10.0; WOW64) AppleWebKit/537.36 (KHTML, like Gecko) Chrome/55.0.2883.87 Safari/537.36"}
[INFO  - 2017-11-30T03:48:33.572Z] Session [566e82f0-d581-11e7-917c-c76a413d117d] - Session.negotiatedCapabilities - {"browserName":"phantomjs","version":"2.1.1","driverName":"ghostdriver","driverVersion":"1.2.0","platform":"windows-7-32bit","javascriptEnabled":true,"takesScreenshot":true,"handlesAlerts":false,"databaseEnabled":false,"locationContextEnabled":false,"applicationCacheEnabled":false,"browserConnectionEnabled":false,"cssSelectorsEnabled":true,"webStorageEnabled":false,"rotatable":false,"acceptSslCerts":false,"nativeEvents":true,"proxy":{"proxyType":"direct"},"phantomjs.page.settings.userAgent":"http://www.codesky.net/","phantomjs.page.customHeaders.User-Agent":"Mozilla/5.0 (Windows NT 10.0; WOW64) AppleWebKit/537.36 (KHTML, like Gecko) Chrome/55.0.2883.87 Safari/537.36"}
[INFO  - 2017-11-30T03:48:33.573Z] SessionManagerReqHand - _postNewSessionCommand - New Session Created: 566e82f0-d581-11e7-917c-c76a413d117d
[INFO  - 2017-11-30T03:52:58.908Z] GhostDriver - Main - running on port 12528
[INFO  - 2017-11-30T03:52:59.236Z] Session [f4c7c600-d581-11e7-979f-cbaceccd08f2] - page.settings - {"XSSAuditingEnabled":false,"javascriptCanCloseWindows":true,"javascriptCanOpenWindows":true,"javascriptEnabled":true,"loadImages":true,"localToRemoteUrlAccessEnabled":false,"userAgent":"http://www.codesky.net/","webSecurityEnabled":true}
[INFO  - 2017-11-30T03:52:59.236Z] Session [f4c7c600-d581-11e7-979f-cbaceccd08f2] - page.customHeaders:  - {"User-Agent":"Mozilla/5.0 (Windows NT 10.0; WOW64) AppleWebKit/537.36 (KHTML, like Gecko) Chrome/55.0.2883.87 Safari/537.36"}
[INFO  - 2017-11-30T03:52:59.237Z] Session [f4c7c600-d581-11e7-979f-cbaceccd08f2] - Session.negotiatedCapabilities - {"browserName":"phantomjs","version":"2.1.1","driverName":"ghostdriver","driverVersion":"1.2.0","platform":"windows-7-32bit","javascriptEnabled":true,"takesScreenshot":true,"handlesAlerts":false,"databaseEnabled":false,"locationContextEnabled":false,"applicationCacheEnabled":false,"browserConnectionEnabled":false,"cssSelectorsEnabled":true,"webStorageEnabled":false,"rotatable":false,"acceptSslCerts":false,"nativeEvents":true,"proxy":{"proxyType":"direct"},"phantomjs.page.settings.userAgent":"http://www.codesky.net/","phantomjs.page.customHeaders.User-Agent":"Mozilla/5.0 (Windows NT 10.0; WOW64) AppleWebKit/537.36 (KHTML, like Gecko) Chrome/55.0.2883.87 Safari/537.36"}
[INFO  - 2017-11-30T03:52:59.237Z] SessionManagerReqHand - _postNewSessionCommand - New Session Created: f4c7c600-d581-11e7-979f-cbaceccd08f2
[INFO  - 2017-11-30T03:58:07.501Z] GhostDriver - Main - running on port 43763
[INFO  - 2017-11-30T03:58:07.811Z] Session [acb46de0-d582-11e7-bfd5-9feab6d0d5b8] - page.settings - {"XSSAuditingEnabled":false,"javascriptCanCloseWindows":true,"javascriptCanOpenWindows":true,"javascriptEnabled":true,"loadImages":true,"localToRemoteUrlAccessEnabled":false,"userAgent":"http://www.codesky.net/","webSecurityEnabled":true}
[INFO  - 2017-11-30T03:58:07.811Z] Session [acb46de0-d582-11e7-bfd5-9feab6d0d5b8] - page.customHeaders:  - {"User-Agent":"Mozilla/5.0 (Windows NT 10.0; WOW64) AppleWebKit/537.36 (KHTML, like Gecko) Chrome/55.0.2883.87 Safari/537.36"}
[INFO  - 2017-11-30T03:58:07.811Z] Session [acb46de0-d582-11e7-bfd5-9feab6d0d5b8] - Session.negotiatedCapabilities - {"browserName":"phantomjs","version":"2.1.1","driverName":"ghostdriver","driverVersion":"1.2.0","platform":"windows-7-32bit","javascriptEnabled":true,"takesScreenshot":true,"handlesAlerts":false,"databaseEnabled":false,"locationContextEnabled":false,"applicationCacheEnabled":false,"browserConnectionEnabled":false,"cssSelectorsEnabled":true,"webStorageEnabled":false,"rotatable":false,"acceptSslCerts":false,"nativeEvents":true,"proxy":{"proxyType":"direct"},"phantomjs.page.settings.userAgent":"http://www.codesky.net/","phantomjs.page.customHeaders.User-Agent":"Mozilla/5.0 (Windows NT 10.0; WOW64) AppleWebKit/537.36 (KHTML, like Gecko) Chrome/55.0.2883.87 Safari/537.36"}
[INFO  - 2017-11-30T03:58:07.811Z] SessionManagerReqHand - _postNewSessionCommand - New Session Created: acb46de0-d582-11e7-bfd5-9feab6d0d5b8
[INFO  - 2017-11-30T04:02:42.859Z] GhostDriver - Main - running on port 27505
[INFO  - 2017-11-30T04:02:43.634Z] Session [511bd4e0-d583-11e7-835d-ed9f2b101919] - page.settings - {"XSSAuditingEnabled":false,"javascriptCanCloseWindows":true,"javascriptCanOpenWindows":true,"javascriptEnabled":true,"loadImages":true,"localToRemoteUrlAccessEnabled":false,"userAgent":"www.codesky.net","webSecurityEnabled":true}
[INFO  - 2017-11-30T04:02:43.635Z] Session [511bd4e0-d583-11e7-835d-ed9f2b101919] - page.customHeaders:  - {"User-Agent":"Mozilla/5.0 (Windows NT 10.0; WOW64) AppleWebKit/537.36 (KHTML, like Gecko) Chrome/55.0.2883.87 Safari/537.36"}
[INFO  - 2017-11-30T04:02:43.635Z] Session [511bd4e0-d583-11e7-835d-ed9f2b101919] - Session.negotiatedCapabilities - {"browserName":"phantomjs","version":"2.1.1","driverName":"ghostdriver","driverVersion":"1.2.0","platform":"windows-7-32bit","javascriptEnabled":true,"takesScreenshot":true,"handlesAlerts":false,"databaseEnabled":false,"locationContextEnabled":false,"applicationCacheEnabled":false,"browserConnectionEnabled":false,"cssSelectorsEnabled":true,"webStorageEnabled":false,"rotatable":false,"acceptSslCerts":false,"nativeEvents":true,"proxy":{"proxyType":"direct"},"phantomjs.page.settings.userAgent":"www.codesky.net","phantomjs.page.customHeaders.User-Agent":"Mozilla/5.0 (Windows NT 10.0; WOW64) AppleWebKit/537.36 (KHTML, like Gecko) Chrome/55.0.2883.87 Safari/537.36"}
[INFO  - 2017-11-30T04:02:43.635Z] SessionManagerReqHand - _postNewSessionCommand - New Session Created: 511bd4e0-d583-11e7-835d-ed9f2b101919
[INFO  - 2017-11-30T04:03:48.773Z] GhostDriver - Main - running on port 48588
[INFO  - 2017-11-30T04:03:49.129Z] Session [78256c40-d583-11e7-80a0-35e1862549df] - page.settings - {"XSSAuditingEnabled":false,"javascriptCanCloseWindows":true,"javascriptCanOpenWindows":true,"javascriptEnabled":true,"loadImages":true,"localToRemoteUrlAccessEnabled":false,"userAgent":"www.codesky.net","webSecurityEnabled":true}
[INFO  - 2017-11-30T04:03:49.129Z] Session [78256c40-d583-11e7-80a0-35e1862549df] - page.customHeaders:  - {"User-Agent":"Mozilla/5.0 (Windows NT 6.1; W…) Gecko/20100101 Firefox/57.0"}
[INFO  - 2017-11-30T04:03:49.129Z] Session [78256c40-d583-11e7-80a0-35e1862549df] - Session.negotiatedCapabilities - {"browserName":"phantomjs","version":"2.1.1","driverName":"ghostdriver","driverVersion":"1.2.0","platform":"windows-7-32bit","javascriptEnabled":true,"takesScreenshot":true,"handlesAlerts":false,"databaseEnabled":false,"locationContextEnabled":false,"applicationCacheEnabled":false,"browserConnectionEnabled":false,"cssSelectorsEnabled":true,"webStorageEnabled":false,"rotatable":false,"acceptSslCerts":false,"nativeEvents":true,"proxy":{"proxyType":"direct"},"phantomjs.page.settings.userAgent":"www.codesky.net","phantomjs.page.customHeaders.User-Agent":"Mozilla/5.0 (Windows NT 6.1; W…) Gecko/20100101 Firefox/57.0"}
[INFO  - 2017-11-30T04:03:49.129Z] SessionManagerReqHand - _postNewSessionCommand - New Session Created: 78256c40-d583-11e7-80a0-35e1862549df
[INFO  - 2017-11-30T04:05:00.767Z] GhostDriver - Main - running on port 26280
[INFO  - 2017-11-30T04:05:01.059Z] Session [a304c3c0-d583-11e7-a2ba-31feb2883d26] - page.settings - {"XSSAuditingEnabled":false,"javascriptCanCloseWindows":true,"javascriptCanOpenWindows":true,"javascriptEnabled":true,"loadImages":true,"localToRemoteUrlAccessEnabled":false,"userAgent":"www.codesky.net","webSecurityEnabled":true}
[INFO  - 2017-11-30T04:05:01.059Z] Session [a304c3c0-d583-11e7-a2ba-31feb2883d26] - page.customHeaders:  - {"User-Agent":"Mozilla/5.0 (Windows NT 6.1; W…) Gecko/20100101 Firefox/57.0"}
[INFO  - 2017-11-30T04:05:01.060Z] Session [a304c3c0-d583-11e7-a2ba-31feb2883d26] - Session.negotiatedCapabilities - {"browserName":"phantomjs","version":"2.1.1","driverName":"ghostdriver","driverVersion":"1.2.0","platform":"windows-7-32bit","javascriptEnabled":true,"takesScreenshot":true,"handlesAlerts":false,"databaseEnabled":false,"locationContextEnabled":false,"applicationCacheEnabled":false,"browserConnectionEnabled":false,"cssSelectorsEnabled":true,"webStorageEnabled":false,"rotatable":false,"acceptSslCerts":false,"nativeEvents":true,"proxy":{"proxyType":"direct"},"phantomjs.page.settings.userAgent":"www.codesky.net","phantomjs.page.customHeaders.User-Agent":"Mozilla/5.0 (Windows NT 6.1; W…) Gecko/20100101 Firefox/57.0"}
[INFO  - 2017-11-30T04:05:01.060Z] SessionManagerReqHand - _postNewSessionCommand - New Session Created: a304c3c0-d583-11e7-a2ba-31feb2883d26
[INFO  - 2017-11-30T04:19:09.042Z] GhostDriver - Main - running on port 29230
[INFO  - 2017-11-30T04:19:09.941Z] Session [9cfe5610-d585-11e7-834c-e7f6658444fa] - page.settings - {"XSSAuditingEnabled":false,"javascriptCanCloseWindows":true,"javascriptCanOpenWindows":true,"javascriptEnabled":true,"loadImages":true,"localToRemoteUrlAccessEnabled":false,"userAgent":"www.codesky.net","webSecurityEnabled":true}
[INFO  - 2017-11-30T04:19:09.941Z] Session [9cfe5610-d585-11e7-834c-e7f6658444fa] - page.customHeaders:  - {"User-Agent":"Mozilla/5.0 (Windows NT 10.0; WOW64) AppleWebKit/537.36 (KHTML, like Gecko) Chrome/55.0.2883.87 Safari/537.36"}
[INFO  - 2017-11-30T04:19:09.941Z] Session [9cfe5610-d585-11e7-834c-e7f6658444fa] - Session.negotiatedCapabilities - {"browserName":"phantomjs","version":"2.1.1","driverName":"ghostdriver","driverVersion":"1.2.0","platform":"windows-7-32bit","javascriptEnabled":true,"takesScreenshot":true,"handlesAlerts":false,"databaseEnabled":false,"locationContextEnabled":false,"applicationCacheEnabled":false,"browserConnectionEnabled":false,"cssSelectorsEnabled":true,"webStorageEnabled":false,"rotatable":false,"acceptSslCerts":false,"nativeEvents":true,"proxy":{"proxyType":"direct"},"phantomjs.page.settings.userAgent":"www.codesky.net","phantomjs.page.customHeaders.User-Agent":"Mozilla/5.0 (Windows NT 10.0; WOW64) AppleWebKit/537.36 (KHTML, like Gecko) Chrome/55.0.2883.87 Safari/537.36"}
[INFO  - 2017-11-30T04:19:09.942Z] SessionManagerReqHand - _postNewSessionCommand - New Session Created: 9cfe5610-d585-11e7-834c-e7f6658444fa
[INFO  - 2017-11-30T05:46:28.050Z] GhostDriver - Main - running on port 14262
[INFO  - 2017-11-30T05:46:28.328Z] Session [cf50c240-d591-11e7-8d48-5fb38731ac58] - page.settings - {"XSSAuditingEnabled":false,"javascriptCanCloseWindows":true,"javascriptCanOpenWindows":true,"javascriptEnabled":true,"loadImages":true,"localToRemoteUrlAccessEnabled":false,"userAgent":"www.codesky.net","webSecurityEnabled":true}
[INFO  - 2017-11-30T05:46:28.328Z] Session [cf50c240-d591-11e7-8d48-5fb38731ac58] - page.customHeaders:  - {"User-Agent":"Mozilla/5.0 (Windows NT 10.0; WOW64) AppleWebKit/537.36 (KHTML, like Gecko) Chrome/55.0.2883.87 Safari/537.36"}
[INFO  - 2017-11-30T05:46:28.329Z] Session [cf50c240-d591-11e7-8d48-5fb38731ac58] - Session.negotiatedCapabilities - {"browserName":"phantomjs","version":"2.1.1","driverName":"ghostdriver","driverVersion":"1.2.0","platform":"windows-7-32bit","javascriptEnabled":true,"takesScreenshot":true,"handlesAlerts":false,"databaseEnabled":false,"locationContextEnabled":false,"applicationCacheEnabled":false,"browserConnectionEnabled":false,"cssSelectorsEnabled":true,"webStorageEnabled":false,"rotatable":false,"acceptSslCerts":false,"nativeEvents":true,"proxy":{"proxyType":"direct"},"phantomjs.page.settings.userAgent":"www.codesky.net","phantomjs.page.customHeaders.User-Agent":"Mozilla/5.0 (Windows NT 10.0; WOW64) AppleWebKit/537.36 (KHTML, like Gecko) Chrome/55.0.2883.87 Safari/537.36"}
[INFO  - 2017-11-30T05:46:28.329Z] SessionManagerReqHand - _postNewSessionCommand - New Session Created: cf50c240-d591-11e7-8d48-5fb38731ac58
[INFO  - 2017-11-30T05:48:10.578Z] ShutdownReqHand - _handle - About to shutdown
[INFO  - 2017-11-30T05:50:02.943Z] GhostDriver - Main - running on port 48120
[INFO  - 2017-11-30T05:50:03.294Z] Session [4f71f7a0-d592-11e7-950b-35efba6cd86b] - page.settings - {"XSSAuditingEnabled":false,"javascriptCanCloseWindows":true,"javascriptCanOpenWindows":true,"javascriptEnabled":true,"loadImages":true,"localToRemoteUrlAccessEnabled":false,"userAgent":"www.codesky.net","webSecurityEnabled":true}
[INFO  - 2017-11-30T05:50:03.294Z] Session [4f71f7a0-d592-11e7-950b-35efba6cd86b] - page.customHeaders:  - {"User-Agent":"Mozilla/5.0 (Windows NT 10.0; WOW64) AppleWebKit/537.36 (KHTML, like Gecko) Chrome/55.0.2883.87 Safari/537.36"}
[INFO  - 2017-11-30T05:50:03.294Z] Session [4f71f7a0-d592-11e7-950b-35efba6cd86b] - Session.negotiatedCapabilities - {"browserName":"phantomjs","version":"2.1.1","driverName":"ghostdriver","driverVersion":"1.2.0","platform":"windows-7-32bit","javascriptEnabled":true,"takesScreenshot":true,"handlesAlerts":false,"databaseEnabled":false,"locationContextEnabled":false,"applicationCacheEnabled":false,"browserConnectionEnabled":false,"cssSelectorsEnabled":true,"webStorageEnabled":false,"rotatable":false,"acceptSslCerts":false,"nativeEvents":true,"proxy":{"proxyType":"direct"},"phantomjs.page.settings.userAgent":"www.codesky.net","phantomjs.page.customHeaders.User-Agent":"Mozilla/5.0 (Windows NT 10.0; WOW64) AppleWebKit/537.36 (KHTML, like Gecko) Chrome/55.0.2883.87 Safari/537.36"}
[INFO  - 2017-11-30T05:50:03.294Z] SessionManagerReqHand - _postNewSessionCommand - New Session Created: 4f71f7a0-d592-11e7-950b-35efba6cd86b
[INFO  - 2017-11-30T05:52:20.251Z] GhostDriver - Main - running on port 37396
[INFO  - 2017-11-30T05:52:20.616Z] Session [a14b7d30-d592-11e7-b3b2-95a68ade3972] - page.settings - {"XSSAuditingEnabled":false,"javascriptCanCloseWindows":true,"javascriptCanOpenWindows":true,"javascriptEnabled":true,"loadImages":true,"localToRemoteUrlAccessEnabled":false,"userAgent":"www.codesky.net","webSecurityEnabled":true}
[INFO  - 2017-11-30T05:52:20.616Z] Session [a14b7d30-d592-11e7-b3b2-95a68ade3972] - page.customHeaders:  - {"User-Agent":"Mozilla/5.0 (Windows NT 10.0; WOW64) AppleWebKit/537.36 (KHTML, like Gecko) Chrome/55.0.2883.87 Safari/537.36"}
[INFO  - 2017-11-30T05:52:20.616Z] Session [a14b7d30-d592-11e7-b3b2-95a68ade3972] - Session.negotiatedCapabilities - {"browserName":"phantomjs","version":"2.1.1","driverName":"ghostdriver","driverVersion":"1.2.0","platform":"windows-7-32bit","javascriptEnabled":true,"takesScreenshot":true,"handlesAlerts":false,"databaseEnabled":false,"locationContextEnabled":false,"applicationCacheEnabled":false,"browserConnectionEnabled":false,"cssSelectorsEnabled":true,"webStorageEnabled":false,"rotatable":false,"acceptSslCerts":false,"nativeEvents":true,"proxy":{"proxyType":"direct"},"phantomjs.page.settings.userAgent":"www.codesky.net","phantomjs.page.customHeaders.User-Agent":"Mozilla/5.0 (Windows NT 10.0; WOW64) AppleWebKit/537.36 (KHTML, like Gecko) Chrome/55.0.2883.87 Safari/537.36"}
[INFO  - 2017-11-30T05:52:20.616Z] SessionManagerReqHand - _postNewSessionCommand - New Session Created: a14b7d30-d592-11e7-b3b2-95a68ade3972
[INFO  - 2017-11-30T05:54:35.977Z] GhostDriver - Main - running on port 15892
[INFO  - 2017-11-30T05:54:36.335Z] Session [f23090a0-d592-11e7-b60c-0da74ca5a685] - page.settings - {"XSSAuditingEnabled":false,"javascriptCanCloseWindows":true,"javascriptCanOpenWindows":true,"javascriptEnabled":true,"loadImages":true,"localToRemoteUrlAccessEnabled":false,"userAgent":"www.codesky.net","webSecurityEnabled":true}
[INFO  - 2017-11-30T05:54:36.335Z] Session [f23090a0-d592-11e7-b60c-0da74ca5a685] - page.customHeaders:  - {"User-Agent":"Mozilla/5.0 (Windows NT 10.0; WOW64) AppleWebKit/537.36 (KHTML, like Gecko) Chrome/55.0.2883.87 Safari/537.36"}
[INFO  - 2017-11-30T05:54:36.335Z] Session [f23090a0-d592-11e7-b60c-0da74ca5a685] - Session.negotiatedCapabilities - {"browserName":"phantomjs","version":"2.1.1","driverName":"ghostdriver","driverVersion":"1.2.0","platform":"windows-7-32bit","javascriptEnabled":true,"takesScreenshot":true,"handlesAlerts":false,"databaseEnabled":false,"locationContextEnabled":false,"applicationCacheEnabled":false,"browserConnectionEnabled":false,"cssSelectorsEnabled":true,"webStorageEnabled":false,"rotatable":false,"acceptSslCerts":false,"nativeEvents":true,"proxy":{"proxyType":"direct"},"phantomjs.page.settings.userAgent":"www.codesky.net","phantomjs.page.customHeaders.User-Agent":"Mozilla/5.0 (Windows NT 10.0; WOW64) AppleWebKit/537.36 (KHTML, like Gecko) Chrome/55.0.2883.87 Safari/537.36"}
[INFO  - 2017-11-30T05:54:36.335Z] SessionManagerReqHand - _postNewSessionCommand - New Session Created: f23090a0-d592-11e7-b60c-0da74ca5a685
[INFO  - 2017-11-30T05:58:20.814Z] GhostDriver - Main - running on port 40038
[INFO  - 2017-11-30T05:58:21.099Z] Session [7828d460-d593-11e7-bb30-67244aaab49f] - page.settings - {"XSSAuditingEnabled":false,"javascriptCanCloseWindows":true,"javascriptCanOpenWindows":true,"javascriptEnabled":true,"loadImages":true,"localToRemoteUrlAccessEnabled":false,"userAgent":"www.codesky.net","webSecurityEnabled":true}
[INFO  - 2017-11-30T05:58:21.099Z] Session [7828d460-d593-11e7-bb30-67244aaab49f] - page.customHeaders:  - {"User-Agent":"Mozilla/5.0 (Windows NT 10.0; WOW64) AppleWebKit/537.36 (KHTML, like Gecko) Chrome/55.0.2883.87 Safari/537.36"}
[INFO  - 2017-11-30T05:58:21.099Z] Session [7828d460-d593-11e7-bb30-67244aaab49f] - Session.negotiatedCapabilities - {"browserName":"phantomjs","version":"2.1.1","driverName":"ghostdriver","driverVersion":"1.2.0","platform":"windows-7-32bit","javascriptEnabled":true,"takesScreenshot":true,"handlesAlerts":false,"databaseEnabled":false,"locationContextEnabled":false,"applicationCacheEnabled":false,"browserConnectionEnabled":false,"cssSelectorsEnabled":true,"webStorageEnabled":false,"rotatable":false,"acceptSslCerts":false,"nativeEvents":true,"proxy":{"proxyType":"direct"},"phantomjs.page.settings.userAgent":"www.codesky.net","phantomjs.page.customHeaders.User-Agent":"Mozilla/5.0 (Windows NT 10.0; WOW64) AppleWebKit/537.36 (KHTML, like Gecko) Chrome/55.0.2883.87 Safari/537.36"}
[INFO  - 2017-11-30T05:58:21.099Z] SessionManagerReqHand - _postNewSessionCommand - New Session Created: 7828d460-d593-11e7-bb30-67244aaab49f
[INFO  - 2017-11-30T06:24:44.792Z] GhostDriver - Main - running on port 33925
[INFO  - 2017-11-30T06:24:45.089Z] Session [284a85c0-d597-11e7-bf27-a16d4f16243c] - page.settings - {"XSSAuditingEnabled":false,"javascriptCanCloseWindows":true,"javascriptCanOpenWindows":true,"javascriptEnabled":true,"loadImages":true,"localToRemoteUrlAccessEnabled":false,"userAgent":"www.codesky.net","webSecurityEnabled":true}
[INFO  - 2017-11-30T06:24:45.089Z] Session [284a85c0-d597-11e7-bf27-a16d4f16243c] - page.customHeaders:  - {"User-Agent":"Mozilla/5.0 (Windows NT 10.0; WOW64) AppleWebKit/537.36 (KHTML, like Gecko) Chrome/55.0.2883.87 Safari/537.36"}
[INFO  - 2017-11-30T06:24:45.089Z] Session [284a85c0-d597-11e7-bf27-a16d4f16243c] - Session.negotiatedCapabilities - {"browserName":"phantomjs","version":"2.1.1","driverName":"ghostdriver","driverVersion":"1.2.0","platform":"windows-7-32bit","javascriptEnabled":true,"takesScreenshot":true,"handlesAlerts":false,"databaseEnabled":false,"locationContextEnabled":false,"applicationCacheEnabled":false,"browserConnectionEnabled":false,"cssSelectorsEnabled":true,"webStorageEnabled":false,"rotatable":false,"acceptSslCerts":false,"nativeEvents":true,"proxy":{"proxyType":"direct"},"phantomjs.page.settings.userAgent":"www.codesky.net","phantomjs.page.customHeaders.User-Agent":"Mozilla/5.0 (Windows NT 10.0; WOW64) AppleWebKit/537.36 (KHTML, like Gecko) Chrome/55.0.2883.87 Safari/537.36"}
[INFO  - 2017-11-30T06:24:45.089Z] SessionManagerReqHand - _postNewSessionCommand - New Session Created: 284a85c0-d597-11e7-bf27-a16d4f16243c
[INFO  - 2017-11-30T06:32:59.657Z] GhostDriver - Main - running on port 28094
[INFO  - 2017-11-30T06:32:59.950Z] Session [4f402a80-d598-11e7-a936-df3ddcac6a29] - page.settings - {"XSSAuditingEnabled":false,"javascriptCanCloseWindows":true,"javascriptCanOpenWindows":true,"javascriptEnabled":true,"loadImages":true,"localToRemoteUrlAccessEnabled":false,"userAgent":"www.codesky.net","webSecurityEnabled":true}
[INFO  - 2017-11-30T06:32:59.950Z] Session [4f402a80-d598-11e7-a936-df3ddcac6a29] - page.customHeaders:  - {"User-Agent":"Mozilla/5.0 (Windows NT 10.0; WOW64) AppleWebKit/537.36 (KHTML, like Gecko) Chrome/55.0.2883.87 Safari/537.36"}
[INFO  - 2017-11-30T06:32:59.950Z] Session [4f402a80-d598-11e7-a936-df3ddcac6a29] - Session.negotiatedCapabilities - {"browserName":"phantomjs","version":"2.1.1","driverName":"ghostdriver","driverVersion":"1.2.0","platform":"windows-7-32bit","javascriptEnabled":true,"takesScreenshot":true,"handlesAlerts":false,"databaseEnabled":false,"locationContextEnabled":false,"applicationCacheEnabled":false,"browserConnectionEnabled":false,"cssSelectorsEnabled":true,"webStorageEnabled":false,"rotatable":false,"acceptSslCerts":false,"nativeEvents":true,"proxy":{"proxyType":"direct"},"phantomjs.page.settings.userAgent":"www.codesky.net","phantomjs.page.customHeaders.User-Agent":"Mozilla/5.0 (Windows NT 10.0; WOW64) AppleWebKit/537.36 (KHTML, like Gecko) Chrome/55.0.2883.87 Safari/537.36"}
[INFO  - 2017-11-30T06:32:59.950Z] SessionManagerReqHand - _postNewSessionCommand - New Session Created: 4f402a80-d598-11e7-a936-df3ddcac6a29
[INFO  - 2017-11-30T06:37:17.639Z] ShutdownReqHand - _handle - About to shutdown
[INFO  - 2017-11-30T06:42:04.444Z] GhostDriver - Main - running on port 48838
[INFO  - 2017-11-30T06:42:04.764Z] Session [93fc2f60-d599-11e7-936c-b5eecf68bf3e] - page.settings - {"XSSAuditingEnabled":false,"javascriptCanCloseWindows":true,"javascriptCanOpenWindows":true,"javascriptEnabled":true,"loadImages":true,"localToRemoteUrlAccessEnabled":false,"userAgent":"www.codesky.net","webSecurityEnabled":true}
[INFO  - 2017-11-30T06:42:04.764Z] Session [93fc2f60-d599-11e7-936c-b5eecf68bf3e] - page.customHeaders:  - {"User-Agent":"Mozilla/5.0 (Windows NT 10.0; WOW64) AppleWebKit/537.36 (KHTML, like Gecko) Chrome/55.0.2883.87 Safari/537.36"}
[INFO  - 2017-11-30T06:42:04.764Z] Session [93fc2f60-d599-11e7-936c-b5eecf68bf3e] - Session.negotiatedCapabilities - {"browserName":"phantomjs","version":"2.1.1","driverName":"ghostdriver","driverVersion":"1.2.0","platform":"windows-7-32bit","javascriptEnabled":true,"takesScreenshot":true,"handlesAlerts":false,"databaseEnabled":false,"locationContextEnabled":false,"applicationCacheEnabled":false,"browserConnectionEnabled":false,"cssSelectorsEnabled":true,"webStorageEnabled":false,"rotatable":false,"acceptSslCerts":false,"nativeEvents":true,"proxy":{"proxyType":"direct"},"phantomjs.page.settings.userAgent":"www.codesky.net","phantomjs.page.customHeaders.User-Agent":"Mozilla/5.0 (Windows NT 10.0; WOW64) AppleWebKit/537.36 (KHTML, like Gecko) Chrome/55.0.2883.87 Safari/537.36"}
[INFO  - 2017-11-30T06:42:04.764Z] SessionManagerReqHand - _postNewSessionCommand - New Session Created: 93fc2f60-d599-11e7-936c-b5eecf68bf3e
[INFO  - 2017-11-30T06:46:17.320Z] ShutdownReqHand - _handle - About to shutdown
[INFO  - 2017-11-30T06:47:56.131Z] GhostDriver - Main - running on port 15951
[INFO  - 2017-11-30T06:47:56.466Z] Session [659dcdd0-d59a-11e7-9a4e-117689980b8a] - page.settings - {"XSSAuditingEnabled":false,"javascriptCanCloseWindows":true,"javascriptCanOpenWindows":true,"javascriptEnabled":true,"loadImages":true,"localToRemoteUrlAccessEnabled":false,"userAgent":"www.codesky.net","webSecurityEnabled":true}
[INFO  - 2017-11-30T06:47:56.466Z] Session [659dcdd0-d59a-11e7-9a4e-117689980b8a] - page.customHeaders:  - {"User-Agent":"Mozilla/5.0 (Windows NT 10.0; WOW64) AppleWebKit/537.36 (KHTML, like Gecko) Chrome/55.0.2883.87 Safari/537.36"}
[INFO  - 2017-11-30T06:47:56.466Z] Session [659dcdd0-d59a-11e7-9a4e-117689980b8a] - Session.negotiatedCapabilities - {"browserName":"phantomjs","version":"2.1.1","driverName":"ghostdriver","driverVersion":"1.2.0","platform":"windows-7-32bit","javascriptEnabled":true,"takesScreenshot":true,"handlesAlerts":false,"databaseEnabled":false,"locationContextEnabled":false,"applicationCacheEnabled":false,"browserConnectionEnabled":false,"cssSelectorsEnabled":true,"webStorageEnabled":false,"rotatable":false,"acceptSslCerts":false,"nativeEvents":true,"proxy":{"proxyType":"direct"},"phantomjs.page.settings.userAgent":"www.codesky.net","phantomjs.page.customHeaders.User-Agent":"Mozilla/5.0 (Windows NT 10.0; WOW64) AppleWebKit/537.36 (KHTML, like Gecko) Chrome/55.0.2883.87 Safari/537.36"}
[INFO  - 2017-11-30T06:47:56.466Z] SessionManagerReqHand - _postNewSessionCommand - New Session Created: 659dcdd0-d59a-11e7-9a4e-117689980b8a
[INFO  - 2017-11-30T06:49:55.549Z] GhostDriver - Main - running on port 37553
[INFO  - 2017-11-30T06:49:55.923Z] Session [acd17ee0-d59a-11e7-9de8-27064d484d02] - page.settings - {"XSSAuditingEnabled":false,"javascriptCanCloseWindows":true,"javascriptCanOpenWindows":true,"javascriptEnabled":true,"loadImages":true,"localToRemoteUrlAccessEnabled":false,"userAgent":"www.codesky.net","webSecurityEnabled":true}
[INFO  - 2017-11-30T06:49:55.923Z] Session [acd17ee0-d59a-11e7-9de8-27064d484d02] - page.customHeaders:  - {"User-Agent":"Mozilla/5.0 (Windows NT 10.0; WOW64) AppleWebKit/537.36 (KHTML, like Gecko) Chrome/55.0.2883.87 Safari/537.36"}
[INFO  - 2017-11-30T06:49:55.923Z] Session [acd17ee0-d59a-11e7-9de8-27064d484d02] - Session.negotiatedCapabilities - {"browserName":"phantomjs","version":"2.1.1","driverName":"ghostdriver","driverVersion":"1.2.0","platform":"windows-7-32bit","javascriptEnabled":true,"takesScreenshot":true,"handlesAlerts":false,"databaseEnabled":false,"locationContextEnabled":false,"applicationCacheEnabled":false,"browserConnectionEnabled":false,"cssSelectorsEnabled":true,"webStorageEnabled":false,"rotatable":false,"acceptSslCerts":false,"nativeEvents":true,"proxy":{"proxyType":"direct"},"phantomjs.page.settings.userAgent":"www.codesky.net","phantomjs.page.customHeaders.User-Agent":"Mozilla/5.0 (Windows NT 10.0; WOW64) AppleWebKit/537.36 (KHTML, like Gecko) Chrome/55.0.2883.87 Safari/537.36"}
[INFO  - 2017-11-30T06:49:55.923Z] SessionManagerReqHand - _postNewSessionCommand - New Session Created: acd17ee0-d59a-11e7-9de8-27064d484d02
[ERROR - 2017-11-30T06:50:02.000Z] Session [acd17ee0-d59a-11e7-9de8-27064d484d02] - page.onError - msg: TypeError: undefined is not a constructor (evaluating 'top.location.toString()')
[ERROR - 2017-11-30T06:50:02.000Z] Session [acd17ee0-d59a-11e7-9de8-27064d484d02] - page.onError - stack:
  global code (http://www.666idc.com/files/js/script.js:26)
[ERROR - 2017-11-30T06:50:02.002Z] Session [acd17ee0-d59a-11e7-9de8-27064d484d02] - page.onError - msg: TypeError: undefined is not a constructor (evaluating 'top.location.toString()')
[ERROR - 2017-11-30T06:50:02.002Z] Session [acd17ee0-d59a-11e7-9de8-27064d484d02] - page.onError - stack:
  global code (http://www.666idc.com/files/templates/frontend/default/share/common.js:20)
[ERROR - 2017-11-30T06:50:02.059Z] Session [acd17ee0-d59a-11e7-9de8-27064d484d02] - page.onError - msg: TypeError: undefined is not an object (evaluating 'cpage.lastIndexOf')
[ERROR - 2017-11-30T06:50:02.060Z] Session [acd17ee0-d59a-11e7-9de8-27064d484d02] - page.onError - stack:
  global code (http://www.666idc.com/:101)
[ERROR - 2017-11-30T06:51:41.106Z] Session [acd17ee0-d59a-11e7-9de8-27064d484d02] - page.onError - msg: TypeError: undefined is not a constructor (evaluating 'top.location.toString()')
[ERROR - 2017-11-30T06:51:41.106Z] Session [acd17ee0-d59a-11e7-9de8-27064d484d02] - page.onError - stack:
  global code (http://www.666idc.com/files/js/script.js:26)
[ERROR - 2017-11-30T06:51:41.108Z] Session [acd17ee0-d59a-11e7-9de8-27064d484d02] - page.onError - msg: TypeError: undefined is not a constructor (evaluating 'top.location.toString()')
[ERROR - 2017-11-30T06:51:41.108Z] Session [acd17ee0-d59a-11e7-9de8-27064d484d02] - page.onError - stack:
  global code (http://www.666idc.com/files/templates/frontend/default/share/common.js:20)
[ERROR - 2017-11-30T06:51:41.210Z] Session [acd17ee0-d59a-11e7-9de8-27064d484d02] - page.onError - msg: TypeError: undefined is not an object (evaluating 'cpage.lastIndexOf')
[ERROR - 2017-11-30T06:51:41.211Z] Session [acd17ee0-d59a-11e7-9de8-27064d484d02] - page.onError - stack:
  global code (http://www.666idc.com/:101)
[INFO  - 2017-11-30T06:54:55.546Z] SessionManagerReqHand - _cleanupWindowlessSessions - Asynchronous Sessions clean-up phase starting NOW
[INFO  - 2017-11-30T06:58:51.821Z] GhostDriver - Main - running on port 12502
[INFO  - 2017-11-30T06:58:52.091Z] Session [ec663d60-d59b-11e7-bc75-21fcd49119f6] - page.settings - {"XSSAuditingEnabled":false,"javascriptCanCloseWindows":true,"javascriptCanOpenWindows":true,"javascriptEnabled":true,"loadImages":true,"localToRemoteUrlAccessEnabled":false,"userAgent":"www.codesky.net","webSecurityEnabled":true}
[INFO  - 2017-11-30T06:58:52.091Z] Session [ec663d60-d59b-11e7-bc75-21fcd49119f6] - page.customHeaders:  - {"User-Agent":"Mozilla/5.0 (Windows NT 10.0; WOW64) AppleWebKit/537.36 (KHTML, like Gecko) Chrome/55.0.2883.87 Safari/537.36"}
[INFO  - 2017-11-30T06:58:52.091Z] Session [ec663d60-d59b-11e7-bc75-21fcd49119f6] - Session.negotiatedCapabilities - {"browserName":"phantomjs","version":"2.1.1","driverName":"ghostdriver","driverVersion":"1.2.0","platform":"windows-7-32bit","javascriptEnabled":true,"takesScreenshot":true,"handlesAlerts":false,"databaseEnabled":false,"locationContextEnabled":false,"applicationCacheEnabled":false,"browserConnectionEnabled":false,"cssSelectorsEnabled":true,"webStorageEnabled":false,"rotatable":false,"acceptSslCerts":false,"nativeEvents":true,"proxy":{"proxyType":"direct"},"phantomjs.page.settings.userAgent":"www.codesky.net","phantomjs.page.customHeaders.User-Agent":"Mozilla/5.0 (Windows NT 10.0; WOW64) AppleWebKit/537.36 (KHTML, like Gecko) Chrome/55.0.2883.87 Safari/537.36"}
[INFO  - 2017-11-30T06:58:52.091Z] SessionManagerReqHand - _postNewSessionCommand - New Session Created: ec663d60-d59b-11e7-bc75-21fcd49119f6
[INFO  - 2017-11-30T07:01:11.364Z] GhostDriver - Main - running on port 20414
[INFO  - 2017-11-30T07:01:11.655Z] Session [3f960420-d59c-11e7-8aab-fde968b84abb] - page.settings - {"XSSAuditingEnabled":false,"javascriptCanCloseWindows":true,"javascriptCanOpenWindows":true,"javascriptEnabled":true,"loadImages":true,"localToRemoteUrlAccessEnabled":false,"userAgent":"www.codesky.net","webSecurityEnabled":true}
[INFO  - 2017-11-30T07:01:11.655Z] Session [3f960420-d59c-11e7-8aab-fde968b84abb] - page.customHeaders:  - {"User-Agent":"Mozilla/5.0 (Windows NT 10.0; WOW64) AppleWebKit/537.36 (KHTML, like Gecko) Chrome/55.0.2883.87 Safari/537.36"}
[INFO  - 2017-11-30T07:01:11.655Z] Session [3f960420-d59c-11e7-8aab-fde968b84abb] - Session.negotiatedCapabilities - {"browserName":"phantomjs","version":"2.1.1","driverName":"ghostdriver","driverVersion":"1.2.0","platform":"windows-7-32bit","javascriptEnabled":true,"takesScreenshot":true,"handlesAlerts":false,"databaseEnabled":false,"locationContextEnabled":false,"applicationCacheEnabled":false,"browserConnectionEnabled":false,"cssSelectorsEnabled":true,"webStorageEnabled":false,"rotatable":false,"acceptSslCerts":false,"nativeEvents":true,"proxy":{"proxyType":"direct"},"phantomjs.page.settings.userAgent":"www.codesky.net","phantomjs.page.customHeaders.User-Agent":"Mozilla/5.0 (Windows NT 10.0; WOW64) AppleWebKit/537.36 (KHTML, like Gecko) Chrome/55.0.2883.87 Safari/537.36"}
[INFO  - 2017-11-30T07:01:11.655Z] SessionManagerReqHand - _postNewSessionCommand - New Session Created: 3f960420-d59c-11e7-8aab-fde968b84abb
[INFO  - 2017-11-30T07:06:11.367Z] SessionManagerReqHand - _cleanupWindowlessSessions - Asynchronous Sessions clean-up phase starting NOW
[INFO  - 2017-11-30T07:15:54.067Z] GhostDriver - Main - running on port 41791
[INFO  - 2017-11-30T07:15:54.732Z] Session [4df0df70-d59e-11e7-b8dc-6b64aafe37b0] - page.settings - {"XSSAuditingEnabled":false,"javascriptCanCloseWindows":true,"javascriptCanOpenWindows":true,"javascriptEnabled":true,"loadImages":true,"localToRemoteUrlAccessEnabled":false,"userAgent":"www.codesky.net","webSecurityEnabled":true}
[INFO  - 2017-11-30T07:15:54.732Z] Session [4df0df70-d59e-11e7-b8dc-6b64aafe37b0] - page.customHeaders:  - {"User-Agent":"Mozilla/5.0 (Windows NT 10.0; WOW64) AppleWebKit/537.36 (KHTML, like Gecko) Chrome/55.0.2883.87 Safari/537.36"}
[INFO  - 2017-11-30T07:15:54.732Z] Session [4df0df70-d59e-11e7-b8dc-6b64aafe37b0] - Session.negotiatedCapabilities - {"browserName":"phantomjs","version":"2.1.1","driverName":"ghostdriver","driverVersion":"1.2.0","platform":"windows-7-32bit","javascriptEnabled":true,"takesScreenshot":true,"handlesAlerts":false,"databaseEnabled":false,"locationContextEnabled":false,"applicationCacheEnabled":false,"browserConnectionEnabled":false,"cssSelectorsEnabled":true,"webStorageEnabled":false,"rotatable":false,"acceptSslCerts":false,"nativeEvents":true,"proxy":{"proxyType":"direct"},"phantomjs.page.settings.userAgent":"www.codesky.net","phantomjs.page.customHeaders.User-Agent":"Mozilla/5.0 (Windows NT 10.0; WOW64) AppleWebKit/537.36 (KHTML, like Gecko) Chrome/55.0.2883.87 Safari/537.36"}
[INFO  - 2017-11-30T07:15:54.732Z] SessionManagerReqHand - _postNewSessionCommand - New Session Created: 4df0df70-d59e-11e7-b8dc-6b64aafe37b0
[INFO  - 2017-11-30T07:20:54.072Z] SessionManagerReqHand - _cleanupWindowlessSessions - Asynchronous Sessions clean-up phase starting NOW
[INFO  - 2017-11-30T07:25:54.077Z] SessionManagerReqHand - _cleanupWindowlessSessions - Asynchronous Sessions clean-up phase starting NOW
[INFO  - 2017-11-30T07:30:54.076Z] SessionManagerReqHand - _cleanupWindowlessSessions - Asynchronous Sessions clean-up phase starting NOW
[INFO  - 2017-11-30T07:35:54.081Z] SessionManagerReqHand - _cleanupWindowlessSessions - Asynchronous Sessions clean-up phase starting NOW
